#Build: Fabric Compiler 2020.3-Lite, Build 71107, Mar 15 18:01 2021
#Install: D:\pango\PDS_2020.3-Lite\bin
#Application name: pds_shell.exe
#OS: Windows 10 10.0.22000
#Hostname: LAPTOP-NN2U833S
Generated by Fabric Compiler (version 2020.3-Lite build 71107) at Mon Nov 15 11:13:51 2021
Compiling verification operator library.
Compiling common defs.
Compiling prim grid devices.
Compiling gate devices.
Compiling gate operators.
Building architecture model.
Loading device packaging model 'MBG324'.
I: Parameter configuration file C:/Users/Misaka/Desktop/riscv_final/risc-v/testparam.txt cannot open.
Starting placement and routing flow. (CPU time elapsed 0h:00m:00s)
Reading design from devmap DB.

Placement started.
Mapping instance clk_ibuf/opit_1 to IOL_7_74.
Mapping instance clkbufg_1/gopclkbufg to USCM_74_104.
Mapping instance jtag_TCK_ibuf/opit_1 to IOL_7_50.
Mapping instance clkbufg_0/gopclkbufg to USCM_74_105.
Pre global placement takes 40.86 sec.
Run super clustering :
	Initial slack 494943.
	2 iterations finished.
	Final slack 495092.
Super clustering done.
Design Utilization : 40%.
Global placement takes 30.09 sec.
Wirelength after global placement is 69669.
Placed fixed group with base inst clk_ibuf/opit_1 on IOL_7_74.
Placed fixed instance clkbufg_0/gopclkbufg on USCM_74_105.
Placed fixed instance clkbufg_1/gopclkbufg on USCM_74_104.
Placed fixed group with base inst jtag_TCK_ibuf/opit_1 on IOL_7_50.
Wirelength after Macro cell placement is 69727.
Macro cell placement takes 0.05 sec.
Run super clustering :
	Initial slack 494943.
	2 iterations finished.
	Final slack 495092.
Super clustering done.
Design Utilization : 40%.
Wirelength after post global placement is 71978.
Post global placement takes 31.20 sec.
Wirelength after legalization is 78816.
Legalization takes 7.95 sec.
Worst slack before Replication Place is 497062.
Wirelength after replication placement is 78816.
Legalized cost 497062.000000.
The detailed placement ends at 14th iteration.
Wirelength after detailed placement is 78819.
Timing-driven detailed placement takes 13.63 sec.
Placement done.
Total placement takes 128.38 sec.
Finished placement. (CPU time elapsed 0h:02m:13s)

Routing started.
Building routing graph takes 4.38 sec.
Worst slack is 497195.
Processing design graph takes 1.92 sec.
Total memory for routing:
	51.802692 M.
Total nets for routing : 7954.
Rcf routing step 1 processed 0 nets, it takes 0.00 sec.
Rcf routing step 2 processed 0 nets, it takes 0.00 sec.
Rcf routing step 3 processed 0 nets, it takes 0.00 sec.
Global Routing step 1 processed 0 nets, it takes 0.08 sec.
Global Routing step 2 processed 0 nets, it takes 0.08 sec.
Unrouted nets 324 at the end of iteration 0.
Unrouted nets 245 at the end of iteration 1.
Unrouted nets 202 at the end of iteration 2.
Unrouted nets 156 at the end of iteration 3.
Unrouted nets 146 at the end of iteration 4.
Unrouted nets 125 at the end of iteration 5.
Unrouted nets 116 at the end of iteration 6.
Unrouted nets 111 at the end of iteration 7.
Unrouted nets 109 at the end of iteration 8.
Unrouted nets 78 at the end of iteration 9.
Unrouted nets 75 at the end of iteration 10.
Unrouted nets 54 at the end of iteration 11.
Unrouted nets 56 at the end of iteration 12.
Unrouted nets 52 at the end of iteration 13.
Unrouted nets 41 at the end of iteration 14.
Unrouted nets 27 at the end of iteration 15.
Unrouted nets 24 at the end of iteration 16.
Unrouted nets 21 at the end of iteration 17.
Unrouted nets 13 at the end of iteration 18.
Unrouted nets 17 at the end of iteration 19.
Unrouted nets 11 at the end of iteration 20.
Unrouted nets 6 at the end of iteration 21.
Unrouted nets 0 at the end of iteration 22.
Global Routing step 3 processed 441 nets, it takes 23.42 sec.
Global routing takes 23.59 sec.
Total 11356 subnets.
    forward max bucket size 219 , backward 275.
        Unrouted nets 8801 at the end of iteration 0.
    route iteration 0, CPU time elapsed 5.031250 sec.
    forward max bucket size 354 , backward 368.
        Unrouted nets 6983 at the end of iteration 1.
    route iteration 1, CPU time elapsed 4.968750 sec.
    forward max bucket size 517 , backward 758.
        Unrouted nets 5562 at the end of iteration 2.
    route iteration 2, CPU time elapsed 4.781250 sec.
    forward max bucket size 644 , backward 706.
        Unrouted nets 4554 at the end of iteration 3.
    route iteration 3, CPU time elapsed 5.015625 sec.
    forward max bucket size 910 , backward 996.
        Unrouted nets 3806 at the end of iteration 4.
    route iteration 4, CPU time elapsed 5.562500 sec.
    forward max bucket size 664 , backward 828.
        Unrouted nets 3251 at the end of iteration 5.
    route iteration 5, CPU time elapsed 5.562500 sec.
    forward max bucket size 696 , backward 868.
        Unrouted nets 3556 at the end of iteration 6.
    route iteration 6, CPU time elapsed 4.453125 sec.
    forward max bucket size 550 , backward 725.
        Unrouted nets 3367 at the end of iteration 7.
    route iteration 7, CPU time elapsed 3.734375 sec.
    forward max bucket size 499 , backward 974.
        Unrouted nets 2992 at the end of iteration 8.
    route iteration 8, CPU time elapsed 3.281250 sec.
    forward max bucket size 1216 , backward 825.
        Unrouted nets 2532 at the end of iteration 9.
    route iteration 9, CPU time elapsed 2.843750 sec.
    forward max bucket size 1119 , backward 1047.
        Unrouted nets 2098 at the end of iteration 10.
    route iteration 10, CPU time elapsed 2.359375 sec.
    forward max bucket size 458 , backward 557.
        Unrouted nets 1712 at the end of iteration 11.
    route iteration 11, CPU time elapsed 1.812500 sec.
    forward max bucket size 677 , backward 845.
        Unrouted nets 1392 at the end of iteration 12.
    route iteration 12, CPU time elapsed 1.515625 sec.
    forward max bucket size 463 , backward 1025.
        Unrouted nets 1175 at the end of iteration 13.
    route iteration 13, CPU time elapsed 1.265625 sec.
    forward max bucket size 641 , backward 955.
        Unrouted nets 969 at the end of iteration 14.
    route iteration 14, CPU time elapsed 1.031250 sec.
    forward max bucket size 491 , backward 579.
        Unrouted nets 799 at the end of iteration 15.
    route iteration 15, CPU time elapsed 0.906250 sec.
    forward max bucket size 576 , backward 345.
        Unrouted nets 641 at the end of iteration 16.
    route iteration 16, CPU time elapsed 0.750000 sec.
    forward max bucket size 511 , backward 465.
        Unrouted nets 484 at the end of iteration 17.
    route iteration 17, CPU time elapsed 0.640625 sec.
    forward max bucket size 481 , backward 444.
        Unrouted nets 382 at the end of iteration 18.
    route iteration 18, CPU time elapsed 0.500000 sec.
    forward max bucket size 270 , backward 309.
        Unrouted nets 323 at the end of iteration 19.
    route iteration 19, CPU time elapsed 0.500000 sec.
    forward max bucket size 916 , backward 773.
        Unrouted nets 232 at the end of iteration 20.
    route iteration 20, CPU time elapsed 0.359375 sec.
    forward max bucket size 923 , backward 442.
        Unrouted nets 159 at the end of iteration 21.
    route iteration 21, CPU time elapsed 0.265625 sec.
    forward max bucket size 120 , backward 97.
        Unrouted nets 133 at the end of iteration 22.
    route iteration 22, CPU time elapsed 0.250000 sec.
    forward max bucket size 90 , backward 159.
        Unrouted nets 97 at the end of iteration 23.
    route iteration 23, CPU time elapsed 0.234375 sec.
    forward max bucket size 260 , backward 177.
        Unrouted nets 84 at the end of iteration 24.
    route iteration 24, CPU time elapsed 0.156250 sec.
    forward max bucket size 305 , backward 330.
        Unrouted nets 61 at the end of iteration 25.
    route iteration 25, CPU time elapsed 0.140625 sec.
    forward max bucket size 222 , backward 299.
        Unrouted nets 50 at the end of iteration 26.
    route iteration 26, CPU time elapsed 0.140625 sec.
    forward max bucket size 215 , backward 145.
        Unrouted nets 50 at the end of iteration 27.
    route iteration 27, CPU time elapsed 0.125000 sec.
    forward max bucket size 151 , backward 110.
        Unrouted nets 58 at the end of iteration 28.
    route iteration 28, CPU time elapsed 0.140625 sec.
    forward max bucket size 155 , backward 409.
        Unrouted nets 48 at the end of iteration 29.
    route iteration 29, CPU time elapsed 0.171875 sec.
    forward max bucket size 177 , backward 287.
        Unrouted nets 37 at the end of iteration 30.
    route iteration 30, CPU time elapsed 0.156250 sec.
    forward max bucket size 218 , backward 177.
        Unrouted nets 37 at the end of iteration 31.
    route iteration 31, CPU time elapsed 0.125000 sec.
    forward max bucket size 144 , backward 236.
        Unrouted nets 47 at the end of iteration 32.
    route iteration 32, CPU time elapsed 0.156250 sec.
    forward max bucket size 368 , backward 56.
        Unrouted nets 39 at the end of iteration 33.
    route iteration 33, CPU time elapsed 0.156250 sec.
    forward max bucket size 185 , backward 48.
        Unrouted nets 29 at the end of iteration 34.
    route iteration 34, CPU time elapsed 0.109375 sec.
    forward max bucket size 48 , backward 47.
        Unrouted nets 20 at the end of iteration 35.
    route iteration 35, CPU time elapsed 0.093750 sec.
    forward max bucket size 39 , backward 60.
        Unrouted nets 10 at the end of iteration 36.
    route iteration 36, CPU time elapsed 0.078125 sec.
    forward max bucket size 19 , backward 89.
        Unrouted nets 4 at the end of iteration 37.
    route iteration 37, CPU time elapsed 0.078125 sec.
    forward max bucket size 17 , backward 13.
        Unrouted nets 4 at the end of iteration 38.
    route iteration 38, CPU time elapsed 0.062500 sec.
    forward max bucket size 12 , backward 12.
        Unrouted nets 2 at the end of iteration 39.
    route iteration 39, CPU time elapsed 0.062500 sec.
    forward max bucket size 16 , backward 20.
        Unrouted nets 0 at the end of iteration 40.
    route iteration 40, CPU time elapsed 0.062500 sec.
C: Route-2036: The clock path from top_dht22_inst/HEX8_inst/clk_1k/opit_0_inv:Q to top_dht22_inst/HEX8_inst/sel_r[3]/opit_0_inv:CLK is routed by SRB.
C: Route-2036: The clock path from top_dht22_inst/DHT22_drive_inst/clk_1m/opit_0_inv:Q to top_dht22_inst/DHT22_drive_inst/dht22_d0/opit_0_inv:CLK is routed by SRB.
Detailed routing takes 60.38 sec.

Dispose routing result:
    Collect routing result.
    Delete unused device instances.
    Annotate routing result.
    Change LUT configuration.
    Dispose misc instances.
I: Route-6001: Insert route through in CLMA_98_72.
I: Route-6001: Insert route through in CLMA_98_157.
I: Route-6001: Insert route through in CLMA_90_165.
I: Route-6001: Insert route through in CLMA_98_237.
I: Route-6001: Insert route through in CLMA_90_144.
I: Route-6001: Insert route through in CLMA_78_84.
I: Route-6001: Insert route through in CLMA_54_228.
I: Route-6001: Insert route through in CLMA_78_220.
I: Route-6001: Insert route through in CLMA_82_220.
I: Route-6001: Insert route through in CLMA_90_189.
I: Route-6001: Insert route through in CLMA_50_197.
I: Route-6001: Insert route through in CLMS_102_237.
I: Route-6001: Insert route through in CLMA_42_129.
I: Route-6001: Insert route through in CLMA_90_172.
I: Route-6001: Insert route through in CLMA_102_152.
I: Route-6001: Insert route through in CLMA_90_220.
I: Route-6001: Insert route through in CLMA_102_180.
I: Route-6001: Insert route through in CLMA_42_144.
I: Route-6001: Insert route through in CLMS_86_181.
I: Route-6001: Insert route through in CLMA_106_193.
I: Route-6001: Insert route through in CLMA_70_205.
I: Route-6001: Insert route through in CLMA_98_200.
I: Route-6001: Insert route through in CLMA_82_145.
I: Route-6001: Insert route through in CLMA_90_161.
I: Route-6001: Insert route through in CLMA_82_228.
I: Route-6001: Insert route through in CLMA_82_228.
I: Route-6001: Insert route through in CLMA_98_68.
I: Route-6001: Insert route through in CLMA_106_160.
I: Route-6001: Insert route through in CLMA_90_172.
I: Route-6001: Insert route through in CLMS_86_173.
I: Route-6001: Insert route through in CLMA_78_264.
I: Route-6001: Insert route through in CLMA_78_264.
I: Route-6001: Insert route through in CLMA_90_208.
I: Route-6001: Insert route through in CLMA_106_209.
I: Route-6001: Insert route through in CLMA_26_304.
I: Route-6001: Insert route through in CLMA_78_252.
I: Route-6001: Insert route through in CLMA_26_56.
I: Route-6001: Insert route through in CLMA_30_68.
    Annotate routing result again.
Finish routing takes 7.33 sec.
Used srb routing arc is 124460.
Cleanup routing takes 0.17 sec.
Routing done.
Total routing takes 102.41 sec.


Device Utilization Summary :
+----------------------------------------------------------------------------+
| Logic Utilization        | Used     | Available     | Utilization(%)     
+----------------------------------------------------------------------------+
| Use of ADC               | 0        | 1             | 0                   
| Use of APM               | 4        | 30            | 13                  
| Use of BKCL              | 0        | 6             | 0                   
| Use of CLMA              | 1910     | 3274          | 58                  
|   FF                     | 1794     | 19644         | 9                   
|   LUT                    | 5136     | 13096         | 39                  
|   LUT-FF pairs           | 1222     | 13096         | 9                   
| Use of CLMS              | 691      | 1110          | 62                  
|   FF                     | 444      | 6660          | 7                   
|   LUT                    | 1866     | 4440          | 42                  
|   LUT-FF pairs           | 314      | 4440          | 7                   
|   Distributed RAM        | 704      | 4440          | 16                  
| Use of CRYSTAL           | 0        | 6             | 0                   
| Use of DLL               | 0        | 6             | 0                   
| Use of DQSL              | 0        | 18            | 0                   
| Use of DRM               | 0        | 48            | 0                   
| Use of FLSIF             | 0        | 1             | 0                   
| Use of FUSECODE          | 0        | 1             | 0                   
| Use of HARD0N1           | 0        | 2745          | 0                   
| Use of HMEMC             | 0        | 2             | 0                   
| Use of IO                | 34       | 240           | 14                  
|   IOBD                   | 18       | 120           | 15                  
|   IOBR                   | 0        | 6             | 0                   
|   IOBS                   | 16       | 114           | 14                  
| Use of IOCKDIV           | 0        | 12            | 0                   
| Use of IOCKDLY           | 0        | 24            | 0                   
| Use of IOCKGATE          | 0        | 12            | 0                   
| Use of IOCKGMUX_TEST     | 0        | 12            | 0                   
| Use of IOL               | 34       | 240           | 14                  
| Use of IPAL              | 0        | 1             | 0                   
| Use of MFG_TEST          | 0        | 1             | 0                   
| Use of OSC               | 0        | 1             | 0                   
| Use of PLL               | 0        | 6             | 0                   
| Use of PREGMUX_TEST      | 0        | 6             | 0                   
| Use of RCKB              | 0        | 24            | 0                   
| Use of RCKBMUX_TEST      | 0        | 12            | 0                   
| Use of RESCAL            | 0        | 6             | 0                   
| Use of SCANCHAIN         | 0        | 4             | 0                   
| Use of START             | 1        | 1             | 100                 
| Use of UDID              | 0        | 1             | 0                   
| Use of USCM              | 2        | 20            | 10                  
| Use of USCMMUX_TEST      | 0        | 20            | 0                   
| Use of VCKBMUX_TEST      | 0        | 12            | 0                   
+----------------------------------------------------------------------------+

Finished routing. (CPU time elapsed 0h:03m:55s)
Design 'tinyriscv_soc_top' has been placed and routed successfully.
Saving design to DB.
Action pnr: Real time elapsed is 245.000 sec
Action pnr: CPU time elapsed is 244.406 sec
Current time: Mon Nov 15 11:17:53 2021
Action pnr: Peak memory pool usage is 717,664,256 bytes
Finished placement and routing. (CPU time elapsed 0h:03m:56s)
